d:\tech\users\rgrace\visual studio\cane\cane\x64\debug\vc143.pdb
d:\tech\users\rgrace\visual studio\cane\cane\x64\debug\vc143.idb
d:\tech\users\rgrace\visual studio\cane\cane\x64\debug\waves.obj
d:\tech\users\rgrace\visual studio\cane\cane\x64\debug\ui.obj
d:\tech\users\rgrace\visual studio\cane\cane\x64\debug\startgame.obj
d:\tech\users\rgrace\visual studio\cane\cane\x64\debug\player.obj
d:\tech\users\rgrace\visual studio\cane\cane\x64\debug\observer.obj
d:\tech\users\rgrace\visual studio\cane\cane\x64\debug\main.obj
d:\tech\users\rgrace\visual studio\cane\cane\x64\debug\ingame.obj
d:\tech\users\rgrace\visual studio\cane\cane\x64\debug\gamestate.obj
d:\tech\users\rgrace\visual studio\cane\cane\x64\debug\game.obj
d:\tech\users\rgrace\visual studio\cane\cane\x64\debug\enemy.obj
d:\tech\users\rgrace\visual studio\cane\cane\x64\debug\endgame.obj
d:\tech\users\rgrace\visual studio\cane\cane\x64\debug\command.obj
d:\tech\users\rgrace\visual studio\cane\cane\x64\debug\bullet.obj
d:\tech\users\rgrace\visual studio\cane\x64\debug\cane.exe
d:\tech\users\rgrace\visual studio\cane\x64\debug\cane.pdb
d:\tech\users\rgrace\visual studio\cane\cane\x64\debug\cane.ilk
d:\tech\users\rgrace\visual studio\cane\cane\x64\debug\cane.tlog\cl.command.1.tlog
d:\tech\users\rgrace\visual studio\cane\cane\x64\debug\cane.tlog\cl.items.tlog
d:\tech\users\rgrace\visual studio\cane\cane\x64\debug\cane.tlog\cl.read.1.tlog
d:\tech\users\rgrace\visual studio\cane\cane\x64\debug\cane.tlog\cl.write.1.tlog
d:\tech\users\rgrace\visual studio\cane\cane\x64\debug\cane.tlog\link.command.1.tlog
d:\tech\users\rgrace\visual studio\cane\cane\x64\debug\cane.tlog\link.read.1.tlog
d:\tech\users\rgrace\visual studio\cane\cane\x64\debug\cane.tlog\link.secondary.1.tlog
d:\tech\users\rgrace\visual studio\cane\cane\x64\debug\cane.tlog\link.write.1.tlog
